0 info it worked if it ends with ok
1 verbose cli [ '/usr/local/bin/node', '/usr/local/bin/npm', 'run', 'jest' ]
2 info using npm@3.10.10
3 info using node@v6.10.0
4 verbose run-script [ 'prejest', 'jest', 'postjest' ]
5 info lifecycle boilerplate@0.1.0~prejest: boilerplate@0.1.0
6 silly lifecycle boilerplate@0.1.0~prejest: no script for prejest, continuing
7 info lifecycle boilerplate@0.1.0~jest: boilerplate@0.1.0
8 verbose lifecycle boilerplate@0.1.0~jest: unsafe-perm in lifecycle true
9 verbose lifecycle boilerplate@0.1.0~jest: PATH: /usr/local/lib/node_modules/npm/bin/node-gyp-bin:/Users/palomaresa/Desktop/test/React-test/node_modules/.bin:/usr/local/bin:/usr/bin:/bin:/usr/sbin:/sbin
10 verbose lifecycle boilerplate@0.1.0~jest: CWD: /Users/palomaresa/Desktop/test/React-test
11 silly lifecycle boilerplate@0.1.0~jest: Args: [ '-c', 'jest' ]
12 silly lifecycle boilerplate@0.1.0~jest: Returned: code: 1  signal: null
13 info lifecycle boilerplate@0.1.0~jest: Failed to exec jest script
14 verbose stack Error: boilerplate@0.1.0 jest: `jest`
14 verbose stack Exit status 1
14 verbose stack     at EventEmitter.<anonymous> (/usr/local/lib/node_modules/npm/lib/utils/lifecycle.js:255:16)
14 verbose stack     at emitTwo (events.js:106:13)
14 verbose stack     at EventEmitter.emit (events.js:191:7)
14 verbose stack     at ChildProcess.<anonymous> (/usr/local/lib/node_modules/npm/lib/utils/spawn.js:40:14)
14 verbose stack     at emitTwo (events.js:106:13)
14 verbose stack     at ChildProcess.emit (events.js:191:7)
14 verbose stack     at maybeClose (internal/child_process.js:877:16)
14 verbose stack     at Process.ChildProcess._handle.onexit (internal/child_process.js:226:5)
15 verbose pkgid boilerplate@0.1.0
16 verbose cwd /Users/palomaresa/Desktop/test/React-test
17 error Darwin 15.6.0
18 error argv "/usr/local/bin/node" "/usr/local/bin/npm" "run" "jest"
19 error node v6.10.0
20 error npm  v3.10.10
21 error code ELIFECYCLE
22 error boilerplate@0.1.0 jest: `jest`
22 error Exit status 1
23 error Failed at the boilerplate@0.1.0 jest script 'jest'.
23 error Make sure you have the latest version of node.js and npm installed.
23 error If you do, this is most likely a problem with the boilerplate package,
23 error not with npm itself.
23 error Tell the author that this fails on your system:
23 error     jest
23 error You can get information on how to open an issue for this project with:
23 error     npm bugs boilerplate
23 error Or if that isn't available, you can get their info via:
23 error     npm owner ls boilerplate
23 error There is likely additional logging output above.
24 verbose exit [ 1, true ]
